# JRE version: Java(TM) SE Runtime Environment (17.0.1+12) (build 17.0.1+12-LTS-39)
# Java VM: Java HotSpot(TM) 64-Bit Server VM (17.0.1+12-LTS-39, mixed mode, emulated-client, sharing, tiered, compressed oops, compressed class ptrs, g1 gc, windows-amd64)
GC Precious Log:
 CPUs: 8 total, 8 available
 Memory: 8097M
 Large Page Support: Disabled
 NUMA Support: Disabled
 Compressed Oops: Enabled (32-bit)
 Heap Region Size: 1M
 Heap Min Capacity: 8M
 Heap Initial Capacity: 128M
 Heap Max Capacity: 2026M
 Pre-touch: Disabled
 Parallel Workers: 8
 Concurrent Workers: 2
 Concurrent Refinement Workers: 8
 Periodic GC: Disabled
Heap:
 garbage-first heap   total 151552K, used 41711K [0x0000000081600000, 0x0000000100000000)
  region size 1024K, 4 young (4096K), 4 survivors (4096K)
 Metaspace       used 62655K, committed 63296K, reserved 1105920K
  class space    used 8702K, committed 9024K, reserved 1048576K
GC Heap History (20 events):
Event: 3.148 GC heap after
{Heap after GC invocations=9 (full 0):
 garbage-first heap   total 75776K, used 20730K [0x0000000081600000, 0x0000000100000000)
  region size 1024K, 4 young (4096K), 4 survivors (4096K)
 Metaspace       used 25276K, committed 25664K, reserved 1073152K
  class space    used 3525K, committed 3712K, reserved 1048576K
}
Event: 3.621 GC heap before
{Heap before GC invocations=9 (full 0):
 garbage-first heap   total 75776K, used 55546K [0x0000000081600000, 0x0000000100000000)
  region size 1024K, 39 young (39936K), 4 survivors (4096K)
 Metaspace       used 29332K, committed 29760K, reserved 1081344K
  class space    used 4127K, committed 4352K, reserved 1048576K
}
Event: 3.626 GC heap after
{Heap after GC invocations=10 (full 0):
 garbage-first heap   total 75776K, used 23940K [0x0000000081600000, 0x0000000100000000)
  region size 1024K, 5 young (5120K), 5 survivors (5120K)
 Metaspace       used 29332K, committed 29760K, reserved 1081344K
  class space    used 4127K, committed 4352K, reserved 1048576K
}
Event: 3.630 GC heap before
{Heap before GC invocations=10 (full 0):
 garbage-first heap   total 75776K, used 56708K [0x0000000081600000, 0x0000000100000000)
  region size 1024K, 38 young (38912K), 5 survivors (5120K)
 Metaspace       used 29332K, committed 29760K, reserved 1081344K
  class space    used 4127K, committed 4352K, reserved 1048576K
}
Event: 3.635 GC heap after
{Heap after GC invocations=11 (full 0):
 garbage-first heap   total 151552K, used 24195K [0x0000000081600000, 0x0000000100000000)
  region size 1024K, 1 young (1024K), 1 survivors (1024K)
 Metaspace       used 29332K, committed 29760K, reserved 1081344K
  class space    used 4127K, committed 4352K, reserved 1048576K
}
Event: 3.871 GC heap before
{Heap before GC invocations=11 (full 0):
 garbage-first heap   total 151552K, used 112259K [0x0000000081600000, 0x0000000100000000)
  region size 1024K, 88 young (90112K), 1 survivors (1024K)
 Metaspace       used 31377K, committed 31872K, reserved 1081344K
  class space    used 4361K, committed 4608K, reserved 1048576K
}
Event: 3.873 GC heap after
{Heap after GC invocations=12 (full 0):
 garbage-first heap   total 151552K, used 25310K [0x0000000081600000, 0x0000000100000000)
  region size 1024K, 2 young (2048K), 2 survivors (2048K)
 Metaspace       used 31377K, committed 31872K, reserved 1081344K
  class space    used 4361K, committed 4608K, reserved 1048576K
}
Event: 4.265 GC heap before
{Heap before GC invocations=12 (full 0):
 garbage-first heap   total 151552K, used 58078K [0x0000000081600000, 0x0000000100000000)
  region size 1024K, 35 young (35840K), 2 survivors (2048K)
 Metaspace       used 35968K, committed 36416K, reserved 1081344K
  class space    used 5015K, committed 5248K, reserved 1048576K
}
Event: 4.269 GC heap after
{Heap after GC invocations=13 (full 0):
 garbage-first heap   total 151552K, used 27061K [0x0000000081600000, 0x0000000100000000)
  region size 1024K, 3 young (3072K), 3 survivors (3072K)
 Metaspace       used 35968K, committed 36416K, reserved 1081344K
  class space    used 5015K, committed 5248K, reserved 1048576K
}
Event: 5.055 GC heap before
{Heap before GC invocations=14 (full 0):
 garbage-first heap   total 102400K, used 85429K [0x0000000081600000, 0x0000000100000000)
  region size 1024K, 60 young (61440K), 3 survivors (3072K)
 Metaspace       used 46802K, committed 47360K, reserved 1089536K
  class space    used 6441K, committed 6720K, reserved 1048576K
}
Event: 5.061 GC heap after
{Heap after GC invocations=15 (full 0):
 garbage-first heap   total 102400K, used 31233K [0x0000000081600000, 0x0000000100000000)
  region size 1024K, 7 young (7168K), 7 survivors (7168K)
 Metaspace       used 46802K, committed 47360K, reserved 1089536K
  class space    used 6441K, committed 6720K, reserved 1048576K
}
Event: 5.543 GC heap before
{Heap before GC invocations=16 (full 0):
 garbage-first heap   total 102400K, used 81409K [0x0000000081600000, 0x0000000100000000)
  region size 1024K, 56 young (57344K), 7 survivors (7168K)
 Metaspace       used 51790K, committed 52352K, reserved 1097728K
  class space    used 7201K, committed 7424K, reserved 1048576K
}
Event: 5.548 GC heap after
{Heap after GC invocations=17 (full 0):
 garbage-first heap   total 102400K, used 32783K [0x0000000081600000, 0x0000000100000000)
  region size 1024K, 2 young (2048K), 2 survivors (2048K)
 Metaspace       used 51790K, committed 52352K, reserved 1097728K
  class space    used 7201K, committed 7424K, reserved 1048576K
}
Event: 5.967 GC heap before
{Heap before GC invocations=17 (full 0):
 garbage-first heap   total 102400K, used 81935K [0x0000000081600000, 0x0000000100000000)
  region size 1024K, 50 young (51200K), 2 survivors (2048K)
 Metaspace       used 56156K, committed 56704K, reserved 1097728K
  class space    used 7833K, committed 8064K, reserved 1048576K
}
Event: 5.970 GC heap after
{Heap after GC invocations=18 (full 0):
 garbage-first heap   total 102400K, used 34839K [0x0000000081600000, 0x0000000100000000)
  region size 1024K, 4 young (4096K), 4 survivors (4096K)
 Metaspace       used 56156K, committed 56704K, reserved 1097728K
  class space    used 7833K, committed 8064K, reserved 1048576K
}
Event: 6.431 GC heap before
{Heap before GC invocations=18 (full 0):
 garbage-first heap   total 102400K, used 81943K [0x0000000081600000, 0x0000000100000000)
  region size 1024K, 50 young (51200K), 4 survivors (4096K)
 Metaspace       used 59964K, committed 60544K, reserved 1105920K
  class space    used 8371K, committed 8640K, reserved 1048576K
}
Event: 6.439 GC heap after
{Heap after GC invocations=19 (full 0):
 garbage-first heap   total 102400K, used 38702K [0x0000000081600000, 0x0000000100000000)
  region size 1024K, 7 young (7168K), 7 survivors (7168K)
 Metaspace       used 59964K, committed 60544K, reserved 1105920K
  class space    used 8371K, committed 8640K, reserved 1048576K
}
Event: 6.623 GC heap before
{Heap before GC invocations=19 (full 0):
 garbage-first heap   total 102400K, used 80686K [0x0000000081600000, 0x0000000100000000)
  region size 1024K, 48 young (49152K), 7 survivors (7168K)
 Metaspace       used 61695K, committed 62272K, reserved 1105920K
  class space    used 8574K, committed 8832K, reserved 1048576K
}
Event: 6.629 GC heap after
{Heap after GC invocations=20 (full 0):
 garbage-first heap   total 102400K, used 40617K [0x0000000081600000, 0x0000000100000000)
  region size 1024K, 2 young (2048K), 2 survivors (2048K)
 Metaspace       used 61695K, committed 62272K, reserved 1105920K
  class space    used 8574K, committed 8832K, reserved 1048576K
}
Event: 6.833 GC heap before
{Heap before GC invocations=20 (full 0):
 garbage-first heap   total 102400K, used 81577K [0x0000000081600000, 0x0000000100000000)
  region size 1024K, 42 young (43008K), 2 survivors (2048K)
 Metaspace       used 62655K, committed 63296K, reserved 1105920K
  class space    used 8702K, committed 9024K, reserved 1048576K
}

