# JRE version: Java(TM) SE Runtime Environment (17.0.1+12) (build 17.0.1+12-LTS-39)
# Java VM: Java HotSpot(TM) 64-Bit Server VM (17.0.1+12-LTS-39, mixed mode, emulated-client, sharing, tiered, compressed oops, compressed class ptrs, g1 gc, windows-amd64)
GC Precious Log:
 CPUs: 8 total, 8 available
 Memory: 8097M
 Large Page Support: Disabled
 NUMA Support: Disabled
 Compressed Oops: Enabled (32-bit)
 Heap Region Size: 1M
 Heap Min Capacity: 8M
 Heap Initial Capacity: 128M
 Heap Max Capacity: 2026M
 Pre-touch: Disabled
 Parallel Workers: 8
 Concurrent Workers: 2
 Concurrent Refinement Workers: 8
 Periodic GC: Disabled
Heap:
 garbage-first heap   total 94208K, used 53790K [0x0000000081600000, 0x0000000100000000)
  region size 1024K, 32 young (32768K), 5 survivors (5120K)
 Metaspace       used 44124K, committed 44608K, reserved 1089536K
  class space    used 6042K, committed 6272K, reserved 1048576K
GC Heap History (20 events):
Event: 1.843 GC heap before
{Heap before GC invocations=3 (full 0):
 garbage-first heap   total 131072K, used 84680K [0x0000000081600000, 0x0000000100000000)
  region size 1024K, 76 young (77824K), 1 survivors (1024K)
 Metaspace       used 17916K, committed 18176K, reserved 1064960K
  class space    used 2456K, committed 2560K, reserved 1048576K
}
Event: 1.849 GC heap after
{Heap after GC invocations=4 (full 0):
 garbage-first heap   total 131072K, used 13815K [0x0000000081600000, 0x0000000100000000)
  region size 1024K, 6 young (6144K), 6 survivors (6144K)
 Metaspace       used 17916K, committed 18176K, reserved 1064960K
  class space    used 2456K, committed 2560K, reserved 1048576K
}
Event: 2.025 GC heap before
{Heap before GC invocations=4 (full 0):
 garbage-first heap   total 131072K, used 84471K [0x0000000081600000, 0x0000000100000000)
  region size 1024K, 76 young (77824K), 6 survivors (6144K)
 Metaspace       used 18414K, committed 18688K, reserved 1064960K
  class space    used 2516K, committed 2624K, reserved 1048576K
}
Event: 2.030 GC heap after
{Heap after GC invocations=5 (full 0):
 garbage-first heap   total 131072K, used 15801K [0x0000000081600000, 0x0000000100000000)
  region size 1024K, 2 young (2048K), 2 survivors (2048K)
 Metaspace       used 18414K, committed 18688K, reserved 1064960K
  class space    used 2516K, committed 2624K, reserved 1048576K
}
Event: 2.395 GC heap before
{Heap before GC invocations=5 (full 0):
 garbage-first heap   total 131072K, used 90553K [0x0000000081600000, 0x0000000100000000)
  region size 1024K, 76 young (77824K), 2 survivors (2048K)
 Metaspace       used 20199K, committed 20544K, reserved 1073152K
  class space    used 2768K, committed 2944K, reserved 1048576K
}
Event: 2.397 GC heap after
{Heap after GC invocations=6 (full 0):
 garbage-first heap   total 131072K, used 17810K [0x0000000081600000, 0x0000000100000000)
  region size 1024K, 4 young (4096K), 4 survivors (4096K)
 Metaspace       used 20199K, committed 20544K, reserved 1073152K
  class space    used 2768K, committed 2944K, reserved 1048576K
}
Event: 2.523 GC heap before
{Heap before GC invocations=6 (full 0):
 garbage-first heap   total 131072K, used 31122K [0x0000000081600000, 0x0000000100000000)
  region size 1024K, 18 young (18432K), 4 survivors (4096K)
 Metaspace       used 21216K, committed 21504K, reserved 1073152K
  class space    used 2909K, committed 3072K, reserved 1048576K
}
Event: 2.527 GC heap after
{Heap after GC invocations=7 (full 0):
 garbage-first heap   total 131072K, used 18516K [0x0000000081600000, 0x0000000100000000)
  region size 1024K, 5 young (5120K), 5 survivors (5120K)
 Metaspace       used 21216K, committed 21504K, reserved 1073152K
  class space    used 2909K, committed 3072K, reserved 1048576K
}
Event: 3.101 GC heap before
{Heap before GC invocations=8 (full 0):
 garbage-first heap   total 71680K, used 56404K [0x0000000081600000, 0x0000000100000000)
  region size 1024K, 42 young (43008K), 5 survivors (5120K)
 Metaspace       used 24061K, committed 24320K, reserved 1073152K
  class space    used 3345K, committed 3456K, reserved 1048576K
}
Event: 3.106 GC heap after
{Heap after GC invocations=9 (full 0):
 garbage-first heap   total 71680K, used 20356K [0x0000000081600000, 0x0000000100000000)
  region size 1024K, 6 young (6144K), 6 survivors (6144K)
 Metaspace       used 24061K, committed 24320K, reserved 1073152K
  class space    used 3345K, committed 3456K, reserved 1048576K
}
Event: 3.477 GC heap before
{Heap before GC invocations=9 (full 0):
 garbage-first heap   total 71680K, used 54148K [0x0000000081600000, 0x0000000100000000)
  region size 1024K, 39 young (39936K), 6 survivors (6144K)
 Metaspace       used 26945K, committed 27328K, reserved 1073152K
  class space    used 3786K, committed 3968K, reserved 1048576K
}
Event: 3.482 GC heap after
{Heap after GC invocations=10 (full 0):
 garbage-first heap   total 71680K, used 22749K [0x0000000081600000, 0x0000000100000000)
  region size 1024K, 5 young (5120K), 5 survivors (5120K)
 Metaspace       used 26945K, committed 27328K, reserved 1073152K
  class space    used 3786K, committed 3968K, reserved 1048576K
}
Event: 3.716 GC heap before
{Heap before GC invocations=10 (full 0):
 garbage-first heap   total 71680K, used 54493K [0x0000000081600000, 0x0000000100000000)
  region size 1024K, 37 young (37888K), 5 survivors (5120K)
 Metaspace       used 29779K, committed 30272K, reserved 1081344K
  class space    used 4190K, committed 4416K, reserved 1048576K
}
Event: 3.722 GC heap after
{Heap after GC invocations=11 (full 0):
 garbage-first heap   total 94208K, used 24594K [0x0000000081600000, 0x0000000100000000)
  region size 1024K, 5 young (5120K), 5 survivors (5120K)
 Metaspace       used 29779K, committed 30272K, reserved 1081344K
  class space    used 4190K, committed 4416K, reserved 1048576K
}
Event: 3.737 GC heap before
{Heap before GC invocations=11 (full 0):
 garbage-first heap   total 94208K, used 71698K [0x0000000081600000, 0x0000000100000000)
  region size 1024K, 52 young (53248K), 5 survivors (5120K)
 Metaspace       used 29779K, committed 30272K, reserved 1081344K
  class space    used 4190K, committed 4416K, reserved 1048576K
}
Event: 3.741 GC heap after
{Heap after GC invocations=12 (full 0):
 garbage-first heap   total 94208K, used 24823K [0x0000000081600000, 0x0000000100000000)
  region size 1024K, 3 young (3072K), 3 survivors (3072K)
 Metaspace       used 29779K, committed 30272K, reserved 1081344K
  class space    used 4190K, committed 4416K, reserved 1048576K
}
Event: 3.762 GC heap before
{Heap before GC invocations=12 (full 0):
 garbage-first heap   total 94208K, used 72951K [0x0000000081600000, 0x0000000100000000)
  region size 1024K, 51 young (52224K), 3 survivors (3072K)
 Metaspace       used 29779K, committed 30272K, reserved 1081344K
  class space    used 4190K, committed 4416K, reserved 1048576K
}
Event: 3.764 GC heap after
{Heap after GC invocations=13 (full 0):
 garbage-first heap   total 94208K, used 24789K [0x0000000081600000, 0x0000000100000000)
  region size 1024K, 3 young (3072K), 3 survivors (3072K)
 Metaspace       used 29779K, committed 30272K, reserved 1081344K
  class space    used 4190K, committed 4416K, reserved 1048576K
}
Event: 4.275 GC heap before
{Heap before GC invocations=13 (full 0):
 garbage-first heap   total 94208K, used 67797K [0x0000000081600000, 0x0000000100000000)
  region size 1024K, 46 young (47104K), 3 survivors (3072K)
 Metaspace       used 35701K, committed 36160K, reserved 1081344K
  class space    used 4965K, committed 5184K, reserved 1048576K
}
Event: 4.279 GC heap after
{Heap after GC invocations=14 (full 0):
 garbage-first heap   total 94208K, used 27166K [0x0000000081600000, 0x0000000100000000)
  region size 1024K, 5 young (5120K), 5 survivors (5120K)
 Metaspace       used 35701K, committed 36160K, reserved 1081344K
  class space    used 4965K, committed 5184K, reserved 1048576K
}

