# JRE version: Java(TM) SE Runtime Environment (17.0.1+12) (build 17.0.1+12-LTS-39)
# Java VM: Java HotSpot(TM) 64-Bit Server VM (17.0.1+12-LTS-39, mixed mode, emulated-client, sharing, tiered, compressed oops, compressed class ptrs, g1 gc, windows-amd64)
GC Precious Log:
 CPUs: 8 total, 8 available
 Memory: 8097M
 Large Page Support: Disabled
 NUMA Support: Disabled
 Compressed Oops: Enabled (32-bit)
 Heap Region Size: 1M
 Heap Min Capacity: 8M
 Heap Initial Capacity: 128M
 Heap Max Capacity: 2026M
 Pre-touch: Disabled
 Parallel Workers: 8
 Concurrent Workers: 2
 Concurrent Refinement Workers: 8
 Periodic GC: Disabled
Heap:
 garbage-first heap   total 200704K, used 53344K [0x0000000081600000, 0x0000000100000000)
  region size 1024K, 6 young (6144K), 6 survivors (6144K)
 Metaspace       used 64633K, committed 65280K, reserved 1105920K
  class space    used 9101K, committed 9408K, reserved 1048576K
GC Heap History (20 events):
Event: 13.058 GC heap after
{Heap after GC invocations=17 (full 0):
 garbage-first heap   total 106496K, used 32184K [0x0000000081600000, 0x0000000100000000)
  region size 1024K, 7 young (7168K), 7 survivors (7168K)
 Metaspace       used 46429K, committed 46912K, reserved 1089536K
  class space    used 6364K, committed 6592K, reserved 1048576K
}
Event: 13.673 GC heap before
{Heap before GC invocations=17 (full 0):
 garbage-first heap   total 106496K, used 81336K [0x0000000081600000, 0x0000000100000000)
  region size 1024K, 55 young (56320K), 7 survivors (7168K)
 Metaspace       used 52539K, committed 53056K, reserved 1097728K
  class space    used 7290K, committed 7552K, reserved 1048576K
}
Event: 13.678 GC heap after
{Heap after GC invocations=18 (full 0):
 garbage-first heap   total 106496K, used 33810K [0x0000000081600000, 0x0000000100000000)
  region size 1024K, 2 young (2048K), 2 survivors (2048K)
 Metaspace       used 52539K, committed 53056K, reserved 1097728K
  class space    used 7290K, committed 7552K, reserved 1048576K
}
Event: 14.081 GC heap before
{Heap before GC invocations=18 (full 0):
 garbage-first heap   total 106496K, used 82962K [0x0000000081600000, 0x0000000100000000)
  region size 1024K, 50 young (51200K), 2 survivors (2048K)
 Metaspace       used 55616K, committed 56192K, reserved 1097728K
  class space    used 7755K, committed 8000K, reserved 1048576K
}
Event: 14.084 GC heap after
{Heap after GC invocations=19 (full 0):
 garbage-first heap   total 106496K, used 34983K [0x0000000081600000, 0x0000000100000000)
  region size 1024K, 4 young (4096K), 4 survivors (4096K)
 Metaspace       used 55616K, committed 56192K, reserved 1097728K
  class space    used 7755K, committed 8000K, reserved 1048576K
}
Event: 14.604 GC heap before
{Heap before GC invocations=19 (full 0):
 garbage-first heap   total 106496K, used 75943K [0x0000000081600000, 0x0000000100000000)
  region size 1024K, 45 young (46080K), 4 survivors (4096K)
 Metaspace       used 60126K, committed 60736K, reserved 1105920K
  class space    used 8373K, committed 8704K, reserved 1048576K
}
Event: 14.610 GC heap after
{Heap after GC invocations=20 (full 0):
 garbage-first heap   total 106496K, used 38415K [0x0000000081600000, 0x0000000100000000)
  region size 1024K, 7 young (7168K), 7 survivors (7168K)
 Metaspace       used 60126K, committed 60736K, reserved 1105920K
  class space    used 8373K, committed 8704K, reserved 1048576K
}
Event: 15.026 GC heap before
{Heap before GC invocations=21 (full 0):
 garbage-first heap   total 106496K, used 83471K [0x0000000081600000, 0x0000000100000000)
  region size 1024K, 51 young (52224K), 7 survivors (7168K)
 Metaspace       used 62165K, committed 62848K, reserved 1105920K
  class space    used 8680K, committed 9024K, reserved 1048576K
}
Event: 15.031 GC heap after
{Heap after GC invocations=22 (full 0):
 garbage-first heap   total 106496K, used 40978K [0x0000000081600000, 0x0000000100000000)
  region size 1024K, 7 young (7168K), 7 survivors (7168K)
 Metaspace       used 62165K, committed 62848K, reserved 1105920K
  class space    used 8680K, committed 9024K, reserved 1048576K
}
Event: 15.310 GC heap before
{Heap before GC invocations=22 (full 0):
 garbage-first heap   total 106496K, used 83986K [0x0000000081600000, 0x0000000100000000)
  region size 1024K, 49 young (50176K), 7 survivors (7168K)
 Metaspace       used 63297K, committed 63936K, reserved 1105920K
  class space    used 8863K, committed 9152K, reserved 1048576K
}
Event: 15.314 GC heap after
{Heap after GC invocations=23 (full 0):
 garbage-first heap   total 106496K, used 42591K [0x0000000081600000, 0x0000000100000000)
  region size 1024K, 5 young (5120K), 5 survivors (5120K)
 Metaspace       used 63297K, committed 63936K, reserved 1105920K
  class space    used 8863K, committed 9152K, reserved 1048576K
}
Event: 15.427 GC heap before
{Heap before GC invocations=23 (full 0):
 garbage-first heap   total 106496K, used 84575K [0x0000000081600000, 0x0000000100000000)
  region size 1024K, 46 young (47104K), 5 survivors (5120K)
 Metaspace       used 63373K, committed 64000K, reserved 1105920K
  class space    used 8873K, committed 9216K, reserved 1048576K
}
Event: 15.476 GC heap after
{Heap after GC invocations=24 (full 0):
 garbage-first heap   total 149504K, used 43363K [0x0000000081600000, 0x0000000100000000)
  region size 1024K, 3 young (3072K), 3 survivors (3072K)
 Metaspace       used 63373K, committed 64000K, reserved 1105920K
  class space    used 8873K, committed 9216K, reserved 1048576K
}
Event: 15.733 GC heap before
{Heap before GC invocations=24 (full 0):
 garbage-first heap   total 149504K, used 121187K [0x0000000081600000, 0x0000000100000000)
  region size 1024K, 79 young (80896K), 3 survivors (3072K)
 Metaspace       used 64071K, committed 64768K, reserved 1105920K
  class space    used 9002K, committed 9344K, reserved 1048576K
}
Event: 15.736 GC heap after
{Heap after GC invocations=25 (full 0):
 garbage-first heap   total 149504K, used 45410K [0x0000000081600000, 0x0000000100000000)
  region size 1024K, 5 young (5120K), 5 survivors (5120K)
 Metaspace       used 64071K, committed 64768K, reserved 1105920K
  class space    used 9002K, committed 9344K, reserved 1048576K
}
Event: 16.014 GC heap before
{Heap before GC invocations=25 (full 0):
 garbage-first heap   total 149504K, used 122210K [0x0000000081600000, 0x0000000100000000)
  region size 1024K, 80 young (81920K), 5 survivors (5120K)
 Metaspace       used 64526K, committed 65216K, reserved 1105920K
  class space    used 9080K, committed 9408K, reserved 1048576K
}
Event: 16.018 GC heap after
{Heap after GC invocations=26 (full 0):
 garbage-first heap   total 149504K, used 48207K [0x0000000081600000, 0x0000000100000000)
  region size 1024K, 8 young (8192K), 8 survivors (8192K)
 Metaspace       used 64526K, committed 65216K, reserved 1105920K
  class space    used 9080K, committed 9408K, reserved 1048576K
}
Event: 16.199 GC heap before
{Heap before GC invocations=26 (full 0):
 garbage-first heap   total 149504K, used 121935K [0x0000000081600000, 0x0000000100000000)
  region size 1024K, 80 young (81920K), 8 survivors (8192K)
 Metaspace       used 64614K, committed 65280K, reserved 1105920K
  class space    used 9099K, committed 9408K, reserved 1048576K
}
Event: 16.204 GC heap after
{Heap after GC invocations=27 (full 0):
 garbage-first heap   total 149504K, used 50923K [0x0000000081600000, 0x0000000100000000)
  region size 1024K, 8 young (8192K), 8 survivors (8192K)
 Metaspace       used 64614K, committed 65280K, reserved 1105920K
  class space    used 9099K, committed 9408K, reserved 1048576K
}
Event: 16.367 GC heap before
{Heap before GC invocations=27 (full 0):
 garbage-first heap   total 149504K, used 123627K [0x0000000081600000, 0x0000000100000000)
  region size 1024K, 79 young (80896K), 8 survivors (8192K)
 Metaspace       used 64633K, committed 65280K, reserved 1105920K
  class space    used 9101K, committed 9408K, reserved 1048576K
}

