# JRE version: Java(TM) SE Runtime Environment (17.0.1+12) (build 17.0.1+12-LTS-39)
# Java VM: Java HotSpot(TM) 64-Bit Server VM (17.0.1+12-LTS-39, mixed mode, emulated-client, sharing, tiered, compressed oops, compressed class ptrs, g1 gc, windows-amd64)
GC Precious Log:
 CPUs: 8 total, 8 available
 Memory: 8097M
 Large Page Support: Disabled
 NUMA Support: Disabled
 Compressed Oops: Enabled (32-bit)
 Heap Region Size: 1M
 Heap Min Capacity: 8M
 Heap Initial Capacity: 128M
 Heap Max Capacity: 2026M
 Pre-touch: Disabled
 Parallel Workers: 8
 Concurrent Workers: 2
 Concurrent Refinement Workers: 8
 Periodic GC: Disabled
Heap:
 garbage-first heap   total 139264K, used 84603K [0x0000000081600000, 0x0000000100000000)
  region size 1024K, 29 young (29696K), 4 survivors (4096K)
 Metaspace       used 87081K, committed 88000K, reserved 1130496K
  class space    used 11989K, committed 12416K, reserved 1048576K
GC Heap History (20 events):
Event: 131.157 GC heap before
{Heap before GC invocations=33 (full 0):
 garbage-first heap   total 139264K, used 112152K [0x0000000081600000, 0x0000000100000000)
  region size 1024K, 60 young (61440K), 6 survivors (6144K)
 Metaspace       used 86580K, committed 87424K, reserved 1130496K
  class space    used 11899K, committed 12288K, reserved 1048576K
}
Event: 131.163 GC heap after
{Heap after GC invocations=34 (full 0):
 garbage-first heap   total 139264K, used 60424K [0x0000000081600000, 0x0000000100000000)
  region size 1024K, 6 young (6144K), 6 survivors (6144K)
 Metaspace       used 86580K, committed 87424K, reserved 1130496K
  class space    used 11899K, committed 12288K, reserved 1048576K
}
Event: 219.443 GC heap before
{Heap before GC invocations=34 (full 0):
 garbage-first heap   total 139264K, used 113672K [0x0000000081600000, 0x0000000100000000)
  region size 1024K, 58 young (59392K), 6 survivors (6144K)
 Metaspace       used 86723K, committed 87616K, reserved 1130496K
  class space    used 11937K, committed 12352K, reserved 1048576K
}
Event: 219.447 GC heap after
{Heap after GC invocations=35 (full 0):
 garbage-first heap   total 139264K, used 61568K [0x0000000081600000, 0x0000000100000000)
  region size 1024K, 4 young (4096K), 4 survivors (4096K)
 Metaspace       used 86723K, committed 87616K, reserved 1130496K
  class space    used 11937K, committed 12352K, reserved 1048576K
}
Event: 309.554 GC heap before
{Heap before GC invocations=35 (full 0):
 garbage-first heap   total 139264K, used 114816K [0x0000000081600000, 0x0000000100000000)
  region size 1024K, 56 young (57344K), 4 survivors (4096K)
 Metaspace       used 86743K, committed 87680K, reserved 1130496K
  class space    used 11940K, committed 12352K, reserved 1048576K
}
Event: 309.556 GC heap after
{Heap after GC invocations=36 (full 0):
 garbage-first heap   total 139264K, used 60640K [0x0000000081600000, 0x0000000100000000)
  region size 1024K, 3 young (3072K), 3 survivors (3072K)
 Metaspace       used 86743K, committed 87680K, reserved 1130496K
  class space    used 11940K, committed 12352K, reserved 1048576K
}
Event: 412.426 GC heap before
{Heap before GC invocations=36 (full 0):
 garbage-first heap   total 139264K, used 115936K [0x0000000081600000, 0x0000000100000000)
  region size 1024K, 58 young (59392K), 3 survivors (3072K)
 Metaspace       used 86745K, committed 87680K, reserved 1130496K
  class space    used 11940K, committed 12352K, reserved 1048576K
}
Event: 412.428 GC heap after
{Heap after GC invocations=37 (full 0):
 garbage-first heap   total 139264K, used 60755K [0x0000000081600000, 0x0000000100000000)
  region size 1024K, 3 young (3072K), 3 survivors (3072K)
 Metaspace       used 86745K, committed 87680K, reserved 1130496K
  class space    used 11940K, committed 12352K, reserved 1048576K
}
Event: 509.863 GC heap before
{Heap before GC invocations=37 (full 0):
 garbage-first heap   total 139264K, used 118099K [0x0000000081600000, 0x0000000100000000)
  region size 1024K, 59 young (60416K), 3 survivors (3072K)
 Metaspace       used 86745K, committed 87680K, reserved 1130496K
  class space    used 11940K, committed 12352K, reserved 1048576K
}
Event: 509.865 GC heap after
{Heap after GC invocations=38 (full 0):
 garbage-first heap   total 139264K, used 60711K [0x0000000081600000, 0x0000000100000000)
  region size 1024K, 3 young (3072K), 3 survivors (3072K)
 Metaspace       used 86745K, committed 87680K, reserved 1130496K
  class space    used 11940K, committed 12352K, reserved 1048576K
}
Event: 609.701 GC heap before
{Heap before GC invocations=38 (full 0):
 garbage-first heap   total 139264K, used 118055K [0x0000000081600000, 0x0000000100000000)
  region size 1024K, 59 young (60416K), 3 survivors (3072K)
 Metaspace       used 86745K, committed 87680K, reserved 1130496K
  class space    used 11940K, committed 12352K, reserved 1048576K
}
Event: 609.704 GC heap after
{Heap after GC invocations=39 (full 0):
 garbage-first heap   total 139264K, used 60649K [0x0000000081600000, 0x0000000100000000)
  region size 1024K, 3 young (3072K), 3 survivors (3072K)
 Metaspace       used 86745K, committed 87680K, reserved 1130496K
  class space    used 11940K, committed 12352K, reserved 1048576K
}
Event: 714.748 GC heap before
{Heap before GC invocations=39 (full 0):
 garbage-first heap   total 139264K, used 119017K [0x0000000081600000, 0x0000000100000000)
  region size 1024K, 60 young (61440K), 3 survivors (3072K)
 Metaspace       used 86745K, committed 87680K, reserved 1130496K
  class space    used 11940K, committed 12352K, reserved 1048576K
}
Event: 714.751 GC heap after
{Heap after GC invocations=40 (full 0):
 garbage-first heap   total 139264K, used 60875K [0x0000000081600000, 0x0000000100000000)
  region size 1024K, 3 young (3072K), 3 survivors (3072K)
 Metaspace       used 86745K, committed 87680K, reserved 1130496K
  class space    used 11940K, committed 12352K, reserved 1048576K
}
Event: 819.854 GC heap before
{Heap before GC invocations=40 (full 0):
 garbage-first heap   total 139264K, used 120267K [0x0000000081600000, 0x0000000100000000)
  region size 1024K, 61 young (62464K), 3 survivors (3072K)
 Metaspace       used 86745K, committed 87680K, reserved 1130496K
  class space    used 11940K, committed 12352K, reserved 1048576K
}
Event: 819.857 GC heap after
{Heap after GC invocations=41 (full 0):
 garbage-first heap   total 139264K, used 60883K [0x0000000081600000, 0x0000000100000000)
  region size 1024K, 3 young (3072K), 3 survivors (3072K)
 Metaspace       used 86745K, committed 87680K, reserved 1130496K
  class space    used 11940K, committed 12352K, reserved 1048576K
}
Event: 920.297 GC heap before
{Heap before GC invocations=41 (full 0):
 garbage-first heap   total 139264K, used 119251K [0x0000000081600000, 0x0000000100000000)
  region size 1024K, 61 young (62464K), 3 survivors (3072K)
 Metaspace       used 87071K, committed 88000K, reserved 1130496K
  class space    used 11987K, committed 12416K, reserved 1048576K
}
Event: 920.301 GC heap after
{Heap after GC invocations=42 (full 0):
 garbage-first heap   total 139264K, used 61309K [0x0000000081600000, 0x0000000100000000)
  region size 1024K, 4 young (4096K), 4 survivors (4096K)
 Metaspace       used 87071K, committed 88000K, reserved 1130496K
  class space    used 11987K, committed 12416K, reserved 1048576K
}
Event: 921.018 GC heap before
{Heap before GC invocations=42 (full 0):
 garbage-first heap   total 139264K, used 117629K [0x0000000081600000, 0x0000000100000000)
  region size 1024K, 60 young (61440K), 4 survivors (4096K)
 Metaspace       used 87081K, committed 88000K, reserved 1130496K
  class space    used 11989K, committed 12416K, reserved 1048576K
}
Event: 921.023 GC heap after
{Heap after GC invocations=43 (full 0):
 garbage-first heap   total 139264K, used 61051K [0x0000000081600000, 0x0000000100000000)
  region size 1024K, 4 young (4096K), 4 survivors (4096K)
 Metaspace       used 87081K, committed 88000K, reserved 1130496K
  class space    used 11989K, committed 12416K, reserved 1048576K
}

