# JRE version: Java(TM) SE Runtime Environment (17.0.1+12) (build 17.0.1+12-LTS-39)
# Java VM: Java HotSpot(TM) 64-Bit Server VM (17.0.1+12-LTS-39, mixed mode, emulated-client, sharing, tiered, compressed oops, compressed class ptrs, g1 gc, windows-amd64)
GC Precious Log:
 CPUs: 8 total, 8 available
 Memory: 8097M
 Large Page Support: Disabled
 NUMA Support: Disabled
 Compressed Oops: Enabled (32-bit)
 Heap Region Size: 1M
 Heap Min Capacity: 8M
 Heap Initial Capacity: 128M
 Heap Max Capacity: 2026M
 Pre-touch: Disabled
 Parallel Workers: 8
 Concurrent Workers: 2
 Concurrent Refinement Workers: 8
 Periodic GC: Disabled
Heap:
 garbage-first heap   total 131072K, used 18919K [0x0000000081600000, 0x0000000100000000)
  region size 1024K, 2 young (2048K), 2 survivors (2048K)
 Metaspace       used 21222K, committed 21504K, reserved 1073152K
  class space    used 2870K, committed 3008K, reserved 1048576K
GC Heap History (13 events):
Event: 0.816 GC heap before
{Heap before GC invocations=0 (full 0):
 garbage-first heap   total 131072K, used 23552K [0x0000000081600000, 0x0000000100000000)
  region size 1024K, 23 young (23552K), 0 survivors (0K)
 Metaspace       used 2914K, committed 3072K, reserved 1056768K
  class space    used 361K, committed 448K, reserved 1048576K
}
Event: 0.824 GC heap after
{Heap after GC invocations=1 (full 0):
 garbage-first heap   total 131072K, used 8405K [0x0000000081600000, 0x0000000100000000)
  region size 1024K, 3 young (3072K), 3 survivors (3072K)
 Metaspace       used 2914K, committed 3072K, reserved 1056768K
  class space    used 361K, committed 448K, reserved 1048576K
}
Event: 1.443 GC heap before
{Heap before GC invocations=1 (full 0):
 garbage-first heap   total 131072K, used 30933K [0x0000000081600000, 0x0000000100000000)
  region size 1024K, 26 young (26624K), 3 survivors (3072K)
 Metaspace       used 8597K, committed 8896K, reserved 1064960K
  class space    used 1063K, committed 1216K, reserved 1048576K
}
Event: 1.451 GC heap after
{Heap after GC invocations=2 (full 0):
 garbage-first heap   total 131072K, used 11358K [0x0000000081600000, 0x0000000100000000)
  region size 1024K, 3 young (3072K), 3 survivors (3072K)
 Metaspace       used 8597K, committed 8896K, reserved 1064960K
  class space    used 1063K, committed 1216K, reserved 1048576K
}
Event: 1.469 GC heap before
{Heap before GC invocations=2 (full 0):
 garbage-first heap   total 131072K, used 54366K [0x0000000081600000, 0x0000000100000000)
  region size 1024K, 46 young (47104K), 3 survivors (3072K)
 Metaspace       used 8700K, committed 8960K, reserved 1064960K
  class space    used 1066K, committed 1216K, reserved 1048576K
}
Event: 1.473 GC heap after
{Heap after GC invocations=3 (full 0):
 garbage-first heap   total 131072K, used 11654K [0x0000000081600000, 0x0000000100000000)
  region size 1024K, 4 young (4096K), 4 survivors (4096K)
 Metaspace       used 8700K, committed 8960K, reserved 1064960K
  class space    used 1066K, committed 1216K, reserved 1048576K
}
Event: 1.594 GC heap before
{Heap before GC invocations=3 (full 0):
 garbage-first heap   total 131072K, used 81286K [0x0000000081600000, 0x0000000100000000)
  region size 1024K, 73 young (74752K), 4 survivors (4096K)
 Metaspace       used 9880K, committed 10112K, reserved 1064960K
  class space    used 1244K, committed 1344K, reserved 1048576K
}
Event: 1.597 GC heap after
{Heap after GC invocations=4 (full 0):
 garbage-first heap   total 131072K, used 11838K [0x0000000081600000, 0x0000000100000000)
  region size 1024K, 4 young (4096K), 4 survivors (4096K)
 Metaspace       used 9880K, committed 10112K, reserved 1064960K
  class space    used 1244K, committed 1344K, reserved 1048576K
}
Event: 2.370 GC heap before
{Heap before GC invocations=4 (full 0):
 garbage-first heap   total 131072K, used 84542K [0x0000000081600000, 0x0000000100000000)
  region size 1024K, 76 young (77824K), 4 survivors (4096K)
 Metaspace       used 20129K, committed 20416K, reserved 1073152K
  class space    used 2729K, committed 2880K, reserved 1048576K
}
Event: 2.376 GC heap after
{Heap after GC invocations=5 (full 0):
 garbage-first heap   total 131072K, used 17863K [0x0000000081600000, 0x0000000100000000)
  region size 1024K, 10 young (10240K), 10 survivors (10240K)
 Metaspace       used 20129K, committed 20416K, reserved 1073152K
  class space    used 2729K, committed 2880K, reserved 1048576K
}
Event: 2.384 GC heap before
{Heap before GC invocations=5 (full 0):
 garbage-first heap   total 131072K, used 84423K [0x0000000081600000, 0x0000000100000000)
  region size 1024K, 76 young (77824K), 10 survivors (10240K)
 Metaspace       used 20129K, committed 20416K, reserved 1073152K
  class space    used 2729K, committed 2880K, reserved 1048576K
}
Event: 2.390 GC heap after
{Heap after GC invocations=6 (full 0):
 garbage-first heap   total 131072K, used 17784K [0x0000000081600000, 0x0000000100000000)
  region size 1024K, 1 young (1024K), 1 survivors (1024K)
 Metaspace       used 20129K, committed 20416K, reserved 1073152K
  class space    used 2729K, committed 2880K, reserved 1048576K
}
Event: 2.514 GC heap before
{Heap before GC invocations=6 (full 0):
 garbage-first heap   total 131072K, used 60792K [0x0000000081600000, 0x0000000100000000)
  region size 1024K, 45 young (46080K), 1 survivors (1024K)
 Metaspace       used 21222K, committed 21504K, reserved 1073152K
  class space    used 2870K, committed 3008K, reserved 1048576K
}

