# JRE version: Java(TM) SE Runtime Environment (17.0.1+12) (build 17.0.1+12-LTS-39)
# Java VM: Java HotSpot(TM) 64-Bit Server VM (17.0.1+12-LTS-39, mixed mode, emulated-client, sharing, tiered, compressed oops, compressed class ptrs, g1 gc, windows-amd64)
GC Precious Log:
 CPUs: 8 total, 8 available
 Memory: 8097M
 Large Page Support: Disabled
 NUMA Support: Disabled
 Compressed Oops: Enabled (32-bit)
 Heap Region Size: 1M
 Heap Min Capacity: 8M
 Heap Initial Capacity: 128M
 Heap Max Capacity: 2026M
 Pre-touch: Disabled
 Parallel Workers: 8
 Concurrent Workers: 2
 Concurrent Refinement Workers: 8
 Periodic GC: Disabled
Heap:
 garbage-first heap   total 131072K, used 74789K [0x0000000081600000, 0x0000000100000000)
  region size 1024K, 67 young (68608K), 7 survivors (7168K)
 Metaspace       used 19501K, committed 19776K, reserved 1073152K
  class space    used 2665K, committed 2816K, reserved 1048576K
GC Heap History (10 events):
Event: 1.404 GC heap before
{Heap before GC invocations=0 (full 0):
 garbage-first heap   total 131072K, used 23552K [0x0000000081600000, 0x0000000100000000)
  region size 1024K, 23 young (23552K), 0 survivors (0K)
 Metaspace       used 6608K, committed 6848K, reserved 1056768K
  class space    used 809K, committed 896K, reserved 1048576K
}
Event: 1.427 GC heap after
{Heap after GC invocations=1 (full 0):
 garbage-first heap   total 131072K, used 8582K [0x0000000081600000, 0x0000000100000000)
  region size 1024K, 3 young (3072K), 3 survivors (3072K)
 Metaspace       used 6608K, committed 6848K, reserved 1056768K
  class space    used 809K, committed 896K, reserved 1048576K
}
Event: 1.681 GC heap before
{Heap before GC invocations=1 (full 0):
 garbage-first heap   total 131072K, used 33158K [0x0000000081600000, 0x0000000100000000)
  region size 1024K, 28 young (28672K), 3 survivors (3072K)
 Metaspace       used 7433K, committed 7680K, reserved 1056768K
  class space    used 929K, committed 1088K, reserved 1048576K
}
Event: 1.685 GC heap after
{Heap after GC invocations=2 (full 0):
 garbage-first heap   total 131072K, used 9325K [0x0000000081600000, 0x0000000100000000)
  region size 1024K, 1 young (1024K), 1 survivors (1024K)
 Metaspace       used 7433K, committed 7680K, reserved 1056768K
  class space    used 929K, committed 1088K, reserved 1048576K
}
Event: 1.779 GC heap before
{Heap before GC invocations=2 (full 0):
 garbage-first heap   total 131072K, used 78957K [0x0000000081600000, 0x0000000100000000)
  region size 1024K, 70 young (71680K), 1 survivors (1024K)
 Metaspace       used 7433K, committed 7680K, reserved 1056768K
  class space    used 929K, committed 1088K, reserved 1048576K
}
Event: 1.781 GC heap after
{Heap after GC invocations=3 (full 0):
 garbage-first heap   total 131072K, used 9291K [0x0000000081600000, 0x0000000100000000)
  region size 1024K, 1 young (1024K), 1 survivors (1024K)
 Metaspace       used 7433K, committed 7680K, reserved 1056768K
  class space    used 929K, committed 1088K, reserved 1048576K
}
Event: 2.999 GC heap before
{Heap before GC invocations=3 (full 0):
 garbage-first heap   total 131072K, used 85067K [0x0000000081600000, 0x0000000100000000)
  region size 1024K, 76 young (77824K), 1 survivors (1024K)
 Metaspace       used 17460K, committed 17728K, reserved 1064960K
  class space    used 2379K, committed 2496K, reserved 1048576K
}
Event: 3.004 GC heap after
{Heap after GC invocations=4 (full 0):
 garbage-first heap   total 131072K, used 13233K [0x0000000081600000, 0x0000000100000000)
  region size 1024K, 5 young (5120K), 5 survivors (5120K)
 Metaspace       used 17460K, committed 17728K, reserved 1064960K
  class space    used 2379K, committed 2496K, reserved 1048576K
}
Event: 3.362 GC heap before
{Heap before GC invocations=4 (full 0):
 garbage-first heap   total 131072K, used 84913K [0x0000000081600000, 0x0000000100000000)
  region size 1024K, 76 young (77824K), 5 survivors (5120K)
 Metaspace       used 18349K, committed 18624K, reserved 1073152K
  class space    used 2512K, committed 2624K, reserved 1048576K
}
Event: 3.367 GC heap after
{Heap after GC invocations=5 (full 0):
 garbage-first heap   total 131072K, used 15397K [0x0000000081600000, 0x0000000100000000)
  region size 1024K, 7 young (7168K), 7 survivors (7168K)
 Metaspace       used 18349K, committed 18624K, reserved 1073152K
  class space    used 2512K, committed 2624K, reserved 1048576K
}

