# JRE version: Java(TM) SE Runtime Environment (17.0.1+12) (build 17.0.1+12-LTS-39)
# Java VM: Java HotSpot(TM) 64-Bit Server VM (17.0.1+12-LTS-39, mixed mode, emulated-client, sharing, tiered, compressed oops, compressed class ptrs, g1 gc, windows-amd64)
GC Precious Log:
 CPUs: 8 total, 8 available
 Memory: 8097M
 Large Page Support: Disabled
 NUMA Support: Disabled
 Compressed Oops: Enabled (32-bit)
 Heap Region Size: 1M
 Heap Min Capacity: 8M
 Heap Initial Capacity: 128M
 Heap Max Capacity: 2026M
 Pre-touch: Disabled
 Parallel Workers: 8
 Concurrent Workers: 2
 Concurrent Refinement Workers: 8
 Periodic GC: Disabled
Heap:
 garbage-first heap   total 204800K, used 148353K [0x0000000081600000, 0x0000000100000000)
  region size 1024K, 83 young (84992K), 1 survivors (1024K)
 Metaspace       used 89784K, committed 91008K, reserved 1130496K
  class space    used 12329K, committed 12864K, reserved 1048576K
GC Heap History (20 events):
Event: 7.644 GC heap before
{Heap before GC invocations=21 (full 0):
 garbage-first heap   total 204800K, used 161781K [0x0000000081600000, 0x0000000100000000)
  region size 1024K, 120 young (122880K), 2 survivors (2048K)
 Metaspace       used 64113K, committed 64768K, reserved 1105920K
  class space    used 8978K, committed 9280K, reserved 1048576K
}
Event: 7.648 GC heap after
{Heap after GC invocations=22 (full 0):
 garbage-first heap   total 204800K, used 44096K [0x0000000081600000, 0x0000000100000000)
  region size 1024K, 6 young (6144K), 6 survivors (6144K)
 Metaspace       used 64113K, committed 64768K, reserved 1105920K
  class space    used 8978K, committed 9280K, reserved 1048576K
}
Event: 8.146 GC heap before
{Heap before GC invocations=22 (full 0):
 garbage-first heap   total 204800K, used 160832K [0x0000000081600000, 0x0000000100000000)
  region size 1024K, 120 young (122880K), 6 survivors (6144K)
 Metaspace       used 64740K, committed 65408K, reserved 1105920K
  class space    used 9082K, committed 9408K, reserved 1048576K
}
Event: 8.152 GC heap after
{Heap after GC invocations=23 (full 0):
 garbage-first heap   total 204800K, used 48117K [0x0000000081600000, 0x0000000100000000)
  region size 1024K, 9 young (9216K), 9 survivors (9216K)
 Metaspace       used 64740K, committed 65408K, reserved 1105920K
  class space    used 9082K, committed 9408K, reserved 1048576K
}
Event: 8.859 GC heap before
{Heap before GC invocations=23 (full 0):
 garbage-first heap   total 204800K, used 161781K [0x0000000081600000, 0x0000000100000000)
  region size 1024K, 120 young (122880K), 9 survivors (9216K)
 Metaspace       used 65394K, committed 66048K, reserved 1105920K
  class space    used 9152K, committed 9472K, reserved 1048576K
}
Event: 8.868 GC heap after
{Heap after GC invocations=24 (full 0):
 garbage-first heap   total 204800K, used 52492K [0x0000000081600000, 0x0000000100000000)
  region size 1024K, 9 young (9216K), 9 survivors (9216K)
 Metaspace       used 65394K, committed 66048K, reserved 1105920K
  class space    used 9152K, committed 9472K, reserved 1048576K
}
Event: 9.662 GC heap before
{Heap before GC invocations=24 (full 0):
 garbage-first heap   total 204800K, used 166156K [0x0000000081600000, 0x0000000100000000)
  region size 1024K, 120 young (122880K), 9 survivors (9216K)
 Metaspace       used 67886K, committed 68544K, reserved 1114112K
  class space    used 9478K, committed 9792K, reserved 1048576K
}
Event: 9.671 GC heap after
{Heap after GC invocations=25 (full 0):
 garbage-first heap   total 204800K, used 56706K [0x0000000081600000, 0x0000000100000000)
  region size 1024K, 9 young (9216K), 9 survivors (9216K)
 Metaspace       used 67886K, committed 68544K, reserved 1114112K
  class space    used 9478K, committed 9792K, reserved 1048576K
}
Event: 11.740 GC heap before
{Heap before GC invocations=25 (full 0):
 garbage-first heap   total 204800K, used 148866K [0x0000000081600000, 0x0000000100000000)
  region size 1024K, 101 young (103424K), 9 survivors (9216K)
 Metaspace       used 78495K, committed 79168K, reserved 1122304K
  class space    used 11017K, committed 11328K, reserved 1048576K
}
Event: 11.751 GC heap after
{Heap after GC invocations=26 (full 0):
 garbage-first heap   total 204800K, used 63162K [0x0000000081600000, 0x0000000100000000)
  region size 1024K, 11 young (11264K), 11 survivors (11264K)
 Metaspace       used 78495K, committed 79168K, reserved 1122304K
  class space    used 11017K, committed 11328K, reserved 1048576K
}
Event: 107.232 GC heap before
{Heap before GC invocations=27 (full 0):
 garbage-first heap   total 204800K, used 164538K [0x0000000081600000, 0x0000000100000000)
  region size 1024K, 111 young (113664K), 11 survivors (11264K)
 Metaspace       used 86686K, committed 87424K, reserved 1130496K
  class space    used 11885K, committed 12224K, reserved 1048576K
}
Event: 107.243 GC heap after
{Heap after GC invocations=28 (full 0):
 garbage-first heap   total 204800K, used 66050K [0x0000000081600000, 0x0000000100000000)
  region size 1024K, 10 young (10240K), 10 survivors (10240K)
 Metaspace       used 86686K, committed 87424K, reserved 1130496K
  class space    used 11885K, committed 12224K, reserved 1048576K
}
Event: 109.349 GC heap before
{Heap before GC invocations=28 (full 0):
 garbage-first heap   total 204800K, used 67074K [0x0000000081600000, 0x0000000100000000)
  region size 1024K, 11 young (11264K), 10 survivors (10240K)
 Metaspace       used 86699K, committed 87424K, reserved 1130496K
  class space    used 11888K, committed 12224K, reserved 1048576K
}
Event: 109.355 GC heap after
{Heap after GC invocations=29 (full 0):
 garbage-first heap   total 204800K, used 67012K [0x0000000081600000, 0x0000000100000000)
  region size 1024K, 2 young (2048K), 2 survivors (2048K)
 Metaspace       used 86699K, committed 87424K, reserved 1130496K
  class space    used 11888K, committed 12224K, reserved 1048576K
}
Event: 221.711 GC heap before
{Heap before GC invocations=29 (full 0):
 garbage-first heap   total 204800K, used 166340K [0x0000000081600000, 0x0000000100000000)
  region size 1024K, 100 young (102400K), 2 survivors (2048K)
 Metaspace       used 90017K, committed 90944K, reserved 1130496K
  class space    used 12370K, committed 12800K, reserved 1048576K
}
Event: 221.716 GC heap after
{Heap after GC invocations=30 (full 0):
 garbage-first heap   total 204800K, used 68840K [0x0000000081600000, 0x0000000100000000)
  region size 1024K, 4 young (4096K), 4 survivors (4096K)
 Metaspace       used 90017K, committed 90944K, reserved 1130496K
  class space    used 12370K, committed 12800K, reserved 1048576K
}
Event: 396.394 GC heap before
{Heap before GC invocations=31 (full 0):
 garbage-first heap   total 204800K, used 168168K [0x0000000081600000, 0x0000000100000000)
  region size 1024K, 101 young (103424K), 4 survivors (4096K)
 Metaspace       used 89607K, committed 90944K, reserved 1130496K
  class space    used 12285K, committed 12800K, reserved 1048576K
}
Event: 396.397 GC heap after
{Heap after GC invocations=32 (full 0):
 garbage-first heap   total 204800K, used 68993K [0x0000000081600000, 0x0000000100000000)
  region size 1024K, 4 young (4096K), 4 survivors (4096K)
 Metaspace       used 89607K, committed 90944K, reserved 1130496K
  class space    used 12285K, committed 12800K, reserved 1048576K
}
Event: 409.748 GC heap before
{Heap before GC invocations=32 (full 0):
 garbage-first heap   total 204800K, used 75137K [0x0000000081600000, 0x0000000100000000)
  region size 1024K, 10 young (10240K), 4 survivors (4096K)
 Metaspace       used 89607K, committed 90944K, reserved 1130496K
  class space    used 12285K, committed 12800K, reserved 1048576K
}
Event: 409.753 GC heap after
{Heap after GC invocations=33 (full 0):
 garbage-first heap   total 204800K, used 66433K [0x0000000081600000, 0x0000000100000000)
  region size 1024K, 1 young (1024K), 1 survivors (1024K)
 Metaspace       used 89607K, committed 90944K, reserved 1130496K
  class space    used 12285K, committed 12800K, reserved 1048576K
}

