# JRE version: Java(TM) SE Runtime Environment (17.0.1+12) (build 17.0.1+12-LTS-39)
# Java VM: Java HotSpot(TM) 64-Bit Server VM (17.0.1+12-LTS-39, mixed mode, emulated-client, sharing, tiered, compressed oops, compressed class ptrs, g1 gc, windows-amd64)
GC Precious Log:
 CPUs: 8 total, 8 available
 Memory: 8097M
 Large Page Support: Disabled
 NUMA Support: Disabled
 Compressed Oops: Enabled (32-bit)
 Heap Region Size: 1M
 Heap Min Capacity: 8M
 Heap Initial Capacity: 128M
 Heap Max Capacity: 2026M
 Pre-touch: Disabled
 Parallel Workers: 8
 Concurrent Workers: 2
 Concurrent Refinement Workers: 8
 Periodic GC: Disabled
Heap:
 garbage-first heap   total 131072K, used 56458K [0x0000000081600000, 0x0000000100000000)
  region size 1024K, 5 young (5120K), 5 survivors (5120K)
 Metaspace       used 67838K, committed 68480K, reserved 1114112K
  class space    used 9533K, committed 9856K, reserved 1048576K
GC Heap History (20 events):
Event: 9.853 GC heap after
{Heap after GC invocations=26 (full 0):
 garbage-first heap   total 87040K, used 40596K [0x0000000081600000, 0x0000000100000000)
  region size 1024K, 3 young (3072K), 3 survivors (3072K)
 Metaspace       used 62239K, committed 62912K, reserved 1105920K
  class space    used 8699K, committed 9024K, reserved 1048576K
}
Event: 10.142 GC heap before
{Heap before GC invocations=26 (full 0):
 garbage-first heap   total 87040K, used 71316K [0x0000000081600000, 0x0000000100000000)
  region size 1024K, 33 young (33792K), 3 survivors (3072K)
 Metaspace       used 62717K, committed 63360K, reserved 1105920K
  class space    used 8799K, committed 9088K, reserved 1048576K
}
Event: 10.146 GC heap after
{Heap after GC invocations=27 (full 0):
 garbage-first heap   total 87040K, used 42069K [0x0000000081600000, 0x0000000100000000)
  region size 1024K, 4 young (4096K), 4 survivors (4096K)
 Metaspace       used 62717K, committed 63360K, reserved 1105920K
  class space    used 8799K, committed 9088K, reserved 1048576K
}
Event: 10.378 GC heap before
{Heap before GC invocations=27 (full 0):
 garbage-first heap   total 87040K, used 70741K [0x0000000081600000, 0x0000000100000000)
  region size 1024K, 32 young (32768K), 4 survivors (4096K)
 Metaspace       used 63162K, committed 63808K, reserved 1105920K
  class space    used 8901K, committed 9216K, reserved 1048576K
}
Event: 10.381 GC heap after
{Heap after GC invocations=28 (full 0):
 garbage-first heap   total 87040K, used 43138K [0x0000000081600000, 0x0000000100000000)
  region size 1024K, 3 young (3072K), 3 survivors (3072K)
 Metaspace       used 63162K, committed 63808K, reserved 1105920K
  class space    used 8901K, committed 9216K, reserved 1048576K
}
Event: 10.633 GC heap before
{Heap before GC invocations=29 (full 0):
 garbage-first heap   total 96256K, used 71810K [0x0000000081600000, 0x0000000100000000)
  region size 1024K, 31 young (31744K), 3 survivors (3072K)
 Metaspace       used 63274K, committed 63872K, reserved 1105920K
  class space    used 8923K, committed 9216K, reserved 1048576K
}
Event: 10.636 GC heap after
{Heap after GC invocations=30 (full 0):
 garbage-first heap   total 96256K, used 44148K [0x0000000081600000, 0x0000000100000000)
  region size 1024K, 3 young (3072K), 3 survivors (3072K)
 Metaspace       used 63274K, committed 63872K, reserved 1105920K
  class space    used 8923K, committed 9216K, reserved 1048576K
}
Event: 10.881 GC heap before
{Heap before GC invocations=30 (full 0):
 garbage-first heap   total 96256K, used 78964K [0x0000000081600000, 0x0000000100000000)
  region size 1024K, 37 young (37888K), 3 survivors (3072K)
 Metaspace       used 63440K, committed 64128K, reserved 1105920K
  class space    used 8953K, committed 9280K, reserved 1048576K
}
Event: 10.884 GC heap after
{Heap after GC invocations=31 (full 0):
 garbage-first heap   total 115712K, used 45143K [0x0000000081600000, 0x0000000100000000)
  region size 1024K, 4 young (4096K), 4 survivors (4096K)
 Metaspace       used 63440K, committed 64128K, reserved 1105920K
  class space    used 8953K, committed 9280K, reserved 1048576K
}
Event: 11.332 GC heap before
{Heap before GC invocations=31 (full 0):
 garbage-first heap   total 115712K, used 95319K [0x0000000081600000, 0x0000000100000000)
  region size 1024K, 53 young (54272K), 4 survivors (4096K)
 Metaspace       used 64174K, committed 64768K, reserved 1105920K
  class space    used 9053K, committed 9344K, reserved 1048576K
}
Event: 11.336 GC heap after
{Heap after GC invocations=32 (full 0):
 garbage-first heap   total 115712K, used 46819K [0x0000000081600000, 0x0000000100000000)
  region size 1024K, 5 young (5120K), 5 survivors (5120K)
 Metaspace       used 64174K, committed 64768K, reserved 1105920K
  class space    used 9053K, committed 9344K, reserved 1048576K
}
Event: 11.822 GC heap before
{Heap before GC invocations=32 (full 0):
 garbage-first heap   total 115712K, used 95971K [0x0000000081600000, 0x0000000100000000)
  region size 1024K, 53 young (54272K), 5 survivors (5120K)
 Metaspace       used 64435K, committed 65088K, reserved 1105920K
  class space    used 9074K, committed 9408K, reserved 1048576K
}
Event: 11.826 GC heap after
{Heap after GC invocations=33 (full 0):
 garbage-first heap   total 115712K, used 48659K [0x0000000081600000, 0x0000000100000000)
  region size 1024K, 5 young (5120K), 5 survivors (5120K)
 Metaspace       used 64435K, committed 65088K, reserved 1105920K
  class space    used 9074K, committed 9408K, reserved 1048576K
}
Event: 12.054 GC heap before
{Heap before GC invocations=33 (full 0):
 garbage-first heap   total 115712K, used 95763K [0x0000000081600000, 0x0000000100000000)
  region size 1024K, 51 young (52224K), 5 survivors (5120K)
 Metaspace       used 64539K, committed 65216K, reserved 1105920K
  class space    used 9080K, committed 9408K, reserved 1048576K
}
Event: 12.058 GC heap after
{Heap after GC invocations=34 (full 0):
 garbage-first heap   total 115712K, used 50452K [0x0000000081600000, 0x0000000100000000)
  region size 1024K, 6 young (6144K), 6 survivors (6144K)
 Metaspace       used 64539K, committed 65216K, reserved 1105920K
  class space    used 9080K, committed 9408K, reserved 1048576K
}
Event: 12.235 GC heap before
{Heap before GC invocations=34 (full 0):
 garbage-first heap   total 115712K, used 95508K [0x0000000081600000, 0x0000000100000000)
  region size 1024K, 50 young (51200K), 6 survivors (6144K)
 Metaspace       used 64736K, committed 65408K, reserved 1105920K
  class space    used 9107K, committed 9472K, reserved 1048576K
}
Event: 12.239 GC heap after
{Heap after GC invocations=35 (full 0):
 garbage-first heap   total 115712K, used 52022K [0x0000000081600000, 0x0000000100000000)
  region size 1024K, 6 young (6144K), 6 survivors (6144K)
 Metaspace       used 64736K, committed 65408K, reserved 1105920K
  class space    used 9107K, committed 9472K, reserved 1048576K
}
Event: 12.404 GC heap before
{Heap before GC invocations=35 (full 0):
 garbage-first heap   total 115712K, used 95030K [0x0000000081600000, 0x0000000100000000)
  region size 1024K, 48 young (49152K), 6 survivors (6144K)
 Metaspace       used 64849K, committed 65536K, reserved 1105920K
  class space    used 9115K, committed 9472K, reserved 1048576K
}
Event: 12.409 GC heap after
{Heap after GC invocations=36 (full 0):
 garbage-first heap   total 115712K, used 54431K [0x0000000081600000, 0x0000000100000000)
  region size 1024K, 4 young (4096K), 4 survivors (4096K)
 Metaspace       used 64849K, committed 65536K, reserved 1105920K
  class space    used 9115K, committed 9472K, reserved 1048576K
}
Event: 13.054 GC heap before
{Heap before GC invocations=36 (full 0):
 garbage-first heap   total 115712K, used 96415K [0x0000000081600000, 0x0000000100000000)
  region size 1024K, 45 young (46080K), 4 survivors (4096K)
 Metaspace       used 67838K, committed 68480K, reserved 1114112K
  class space    used 9533K, committed 9856K, reserved 1048576K
}

